<?xml version="1.0" encoding="UTF-8"?>
<testsuite xmlns:xsi="http://www.w3.org/2001/XMLSchema-instance" xsi:noNamespaceSchemaLocation="https://maven.apache.org/surefire/maven-surefire-plugin/xsd/surefire-test-report.xsd" name="com.yupi.yupao.service.UserServiceTest" time="8.251" tests="7" errors="1" skipped="0" failures="3">
  <properties>
    <property name="sun.desktop" value="windows"/>
    <property name="awt.toolkit" value="sun.awt.windows.WToolkit"/>
    <property name="file.encoding.pkg" value="sun.io"/>
    <property name="java.specification.version" value="1.8"/>
    <property name="sun.cpu.isalist" value="amd64"/>
    <property name="sun.jnu.encoding" value="GBK"/>
    <property name="java.class.path" value="D:\java\ideajava\yupao\target\test-classes;D:\java\ideajava\yupao\target\classes;D:\java\apache-maven-3.9.4\mvn_repo\org\springframework\boot\spring-boot-starter-web\2.6.4\spring-boot-starter-web-2.6.4.jar;D:\java\apache-maven-3.9.4\mvn_repo\org\springframework\boot\spring-boot-starter\2.6.4\spring-boot-starter-2.6.4.jar;D:\java\apache-maven-3.9.4\mvn_repo\org\springframework\boot\spring-boot-starter-logging\2.6.4\spring-boot-starter-logging-2.6.4.jar;D:\java\apache-maven-3.9.4\mvn_repo\ch\qos\logback\logback-classic\1.2.10\logback-classic-1.2.10.jar;D:\java\apache-maven-3.9.4\mvn_repo\ch\qos\logback\logback-core\1.2.10\logback-core-1.2.10.jar;D:\java\apache-maven-3.9.4\mvn_repo\org\apache\logging\log4j\log4j-to-slf4j\2.17.1\log4j-to-slf4j-2.17.1.jar;D:\java\apache-maven-3.9.4\mvn_repo\org\apache\logging\log4j\log4j-api\2.17.1\log4j-api-2.17.1.jar;D:\java\apache-maven-3.9.4\mvn_repo\org\slf4j\jul-to-slf4j\1.7.36\jul-to-slf4j-1.7.36.jar;D:\java\apache-maven-3.9.4\mvn_repo\jakarta\annotation\jakarta.annotation-api\1.3.5\jakarta.annotation-api-1.3.5.jar;D:\java\apache-maven-3.9.4\mvn_repo\org\yaml\snakeyaml\1.29\snakeyaml-1.29.jar;D:\java\apache-maven-3.9.4\mvn_repo\org\springframework\boot\spring-boot-starter-json\2.6.4\spring-boot-starter-json-2.6.4.jar;D:\java\apache-maven-3.9.4\mvn_repo\com\fasterxml\jackson\datatype\jackson-datatype-jdk8\2.13.1\jackson-datatype-jdk8-2.13.1.jar;D:\java\apache-maven-3.9.4\mvn_repo\com\fasterxml\jackson\datatype\jackson-datatype-jsr310\2.13.1\jackson-datatype-jsr310-2.13.1.jar;D:\java\apache-maven-3.9.4\mvn_repo\com\fasterxml\jackson\module\jackson-module-parameter-names\2.13.1\jackson-module-parameter-names-2.13.1.jar;D:\java\apache-maven-3.9.4\mvn_repo\org\springframework\boot\spring-boot-starter-tomcat\2.6.4\spring-boot-starter-tomcat-2.6.4.jar;D:\java\apache-maven-3.9.4\mvn_repo\org\apache\tomcat\embed\tomcat-embed-core\9.0.58\tomcat-embed-core-9.0.58.jar;D:\java\apache-maven-3.9.4\mvn_repo\org\apache\tomcat\embed\tomcat-embed-el\9.0.58\tomcat-embed-el-9.0.58.jar;D:\java\apache-maven-3.9.4\mvn_repo\org\apache\tomcat\embed\tomcat-embed-websocket\9.0.58\tomcat-embed-websocket-9.0.58.jar;D:\java\apache-maven-3.9.4\mvn_repo\org\springframework\spring-web\5.3.16\spring-web-5.3.16.jar;D:\java\apache-maven-3.9.4\mvn_repo\org\springframework\spring-beans\5.3.16\spring-beans-5.3.16.jar;D:\java\apache-maven-3.9.4\mvn_repo\org\springframework\spring-webmvc\5.3.16\spring-webmvc-5.3.16.jar;D:\java\apache-maven-3.9.4\mvn_repo\org\springframework\spring-aop\5.3.16\spring-aop-5.3.16.jar;D:\java\apache-maven-3.9.4\mvn_repo\org\springframework\spring-context\5.3.16\spring-context-5.3.16.jar;D:\java\apache-maven-3.9.4\mvn_repo\org\springframework\spring-expression\5.3.16\spring-expression-5.3.16.jar;D:\java\apache-maven-3.9.4\mvn_repo\org\mybatis\spring\boot\mybatis-spring-boot-starter\2.2.2\mybatis-spring-boot-starter-2.2.2.jar;D:\java\apache-maven-3.9.4\mvn_repo\org\springframework\boot\spring-boot-starter-jdbc\2.6.4\spring-boot-starter-jdbc-2.6.4.jar;D:\java\apache-maven-3.9.4\mvn_repo\com\zaxxer\HikariCP\4.0.3\HikariCP-4.0.3.jar;D:\java\apache-maven-3.9.4\mvn_repo\org\springframework\spring-jdbc\5.3.16\spring-jdbc-5.3.16.jar;D:\java\apache-maven-3.9.4\mvn_repo\org\mybatis\spring\boot\mybatis-spring-boot-autoconfigure\2.2.2\mybatis-spring-boot-autoconfigure-2.2.2.jar;D:\java\apache-maven-3.9.4\mvn_repo\org\mybatis\mybatis\3.5.9\mybatis-3.5.9.jar;D:\java\apache-maven-3.9.4\mvn_repo\org\mybatis\mybatis-spring\2.0.7\mybatis-spring-2.0.7.jar;D:\java\apache-maven-3.9.4\mvn_repo\com\baomidou\mybatis-plus-boot-starter\3.5.1\mybatis-plus-boot-starter-3.5.1.jar;D:\java\apache-maven-3.9.4\mvn_repo\com\baomidou\mybatis-plus\3.5.1\mybatis-plus-3.5.1.jar;D:\java\apache-maven-3.9.4\mvn_repo\com\baomidou\mybatis-plus-extension\3.5.1\mybatis-plus-extension-3.5.1.jar;D:\java\apache-maven-3.9.4\mvn_repo\com\baomidou\mybatis-plus-core\3.5.1\mybatis-plus-core-3.5.1.jar;D:\java\apache-maven-3.9.4\mvn_repo\com\baomidou\mybatis-plus-annotation\3.5.1\mybatis-plus-annotation-3.5.1.jar;D:\java\apache-maven-3.9.4\mvn_repo\com\github\jsqlparser\jsqlparser\4.3\jsqlparser-4.3.jar;D:\java\apache-maven-3.9.4\mvn_repo\org\springframework\boot\spring-boot-autoconfigure\2.6.4\spring-boot-autoconfigure-2.6.4.jar;D:\java\apache-maven-3.9.4\mvn_repo\org\apache\commons\commons-lang3\3.12.0\commons-lang3-3.12.0.jar;D:\java\apache-maven-3.9.4\mvn_repo\org\springframework\boot\spring-boot-devtools\2.6.4\spring-boot-devtools-2.6.4.jar;D:\java\apache-maven-3.9.4\mvn_repo\org\springframework\boot\spring-boot\2.6.4\spring-boot-2.6.4.jar;D:\java\apache-maven-3.9.4\mvn_repo\mysql\mysql-connector-java\8.0.28\mysql-connector-java-8.0.28.jar;D:\java\apache-maven-3.9.4\mvn_repo\org\springframework\boot\spring-boot-configuration-processor\2.6.4\spring-boot-configuration-processor-2.6.4.jar;D:\java\apache-maven-3.9.4\mvn_repo\org\projectlombok\lombok\1.18.22\lombok-1.18.22.jar;D:\java\apache-maven-3.9.4\mvn_repo\org\springframework\boot\spring-boot-starter-test\2.6.4\spring-boot-starter-test-2.6.4.jar;D:\java\apache-maven-3.9.4\mvn_repo\org\springframework\boot\spring-boot-test\2.6.4\spring-boot-test-2.6.4.jar;D:\java\apache-maven-3.9.4\mvn_repo\org\springframework\boot\spring-boot-test-autoconfigure\2.6.4\spring-boot-test-autoconfigure-2.6.4.jar;D:\java\apache-maven-3.9.4\mvn_repo\com\jayway\jsonpath\json-path\2.6.0\json-path-2.6.0.jar;D:\java\apache-maven-3.9.4\mvn_repo\net\minidev\json-smart\2.4.8\json-smart-2.4.8.jar;D:\java\apache-maven-3.9.4\mvn_repo\net\minidev\accessors-smart\2.4.8\accessors-smart-2.4.8.jar;D:\java\apache-maven-3.9.4\mvn_repo\org\ow2\asm\asm\9.1\asm-9.1.jar;D:\java\apache-maven-3.9.4\mvn_repo\jakarta\xml\bind\jakarta.xml.bind-api\2.3.3\jakarta.xml.bind-api-2.3.3.jar;D:\java\apache-maven-3.9.4\mvn_repo\jakarta\activation\jakarta.activation-api\1.2.2\jakarta.activation-api-1.2.2.jar;D:\java\apache-maven-3.9.4\mvn_repo\org\assertj\assertj-core\3.21.0\assertj-core-3.21.0.jar;D:\java\apache-maven-3.9.4\mvn_repo\org\hamcrest\hamcrest\2.2\hamcrest-2.2.jar;D:\java\apache-maven-3.9.4\mvn_repo\org\junit\jupiter\junit-jupiter\5.8.2\junit-jupiter-5.8.2.jar;D:\java\apache-maven-3.9.4\mvn_repo\org\junit\jupiter\junit-jupiter-api\5.8.2\junit-jupiter-api-5.8.2.jar;D:\java\apache-maven-3.9.4\mvn_repo\org\opentest4j\opentest4j\1.2.0\opentest4j-1.2.0.jar;D:\java\apache-maven-3.9.4\mvn_repo\org\junit\platform\junit-platform-commons\1.8.2\junit-platform-commons-1.8.2.jar;D:\java\apache-maven-3.9.4\mvn_repo\org\apiguardian\apiguardian-api\1.1.2\apiguardian-api-1.1.2.jar;D:\java\apache-maven-3.9.4\mvn_repo\org\junit\jupiter\junit-jupiter-params\5.8.2\junit-jupiter-params-5.8.2.jar;D:\java\apache-maven-3.9.4\mvn_repo\org\junit\jupiter\junit-jupiter-engine\5.8.2\junit-jupiter-engine-5.8.2.jar;D:\java\apache-maven-3.9.4\mvn_repo\org\junit\platform\junit-platform-engine\1.8.2\junit-platform-engine-1.8.2.jar;D:\java\apache-maven-3.9.4\mvn_repo\org\mockito\mockito-core\4.0.0\mockito-core-4.0.0.jar;D:\java\apache-maven-3.9.4\mvn_repo\net\bytebuddy\byte-buddy-agent\1.11.22\byte-buddy-agent-1.11.22.jar;D:\java\apache-maven-3.9.4\mvn_repo\org\objenesis\objenesis\3.2\objenesis-3.2.jar;D:\java\apache-maven-3.9.4\mvn_repo\org\mockito\mockito-junit-jupiter\4.0.0\mockito-junit-jupiter-4.0.0.jar;D:\java\apache-maven-3.9.4\mvn_repo\org\skyscreamer\jsonassert\1.5.0\jsonassert-1.5.0.jar;D:\java\apache-maven-3.9.4\mvn_repo\com\vaadin\external\google\android-json\0.0.20131108.vaadin1\android-json-0.0.20131108.vaadin1.jar;D:\java\apache-maven-3.9.4\mvn_repo\org\springframework\spring-core\5.3.16\spring-core-5.3.16.jar;D:\java\apache-maven-3.9.4\mvn_repo\org\springframework\spring-jcl\5.3.16\spring-jcl-5.3.16.jar;D:\java\apache-maven-3.9.4\mvn_repo\org\springframework\spring-test\5.3.16\spring-test-5.3.16.jar;D:\java\apache-maven-3.9.4\mvn_repo\org\xmlunit\xmlunit-core\2.8.4\xmlunit-core-2.8.4.jar;D:\java\apache-maven-3.9.4\mvn_repo\junit\junit\4.13.2\junit-4.13.2.jar;D:\java\apache-maven-3.9.4\mvn_repo\org\hamcrest\hamcrest-core\2.2\hamcrest-core-2.2.jar;D:\java\apache-maven-3.9.4\mvn_repo\cn\hutool\hutool-all\5.8.18\hutool-all-5.8.18.jar;D:\java\apache-maven-3.9.4\mvn_repo\com\github\xiaoymin\knife4j-openapi2-spring-boot-starter\4.3.0\knife4j-openapi2-spring-boot-starter-4.3.0.jar;D:\java\apache-maven-3.9.4\mvn_repo\com\github\xiaoymin\knife4j-core\4.3.0\knife4j-core-4.3.0.jar;D:\java\apache-maven-3.9.4\mvn_repo\com\github\xiaoymin\knife4j-openapi2-ui\4.3.0\knife4j-openapi2-ui-4.3.0.jar;D:\java\apache-maven-3.9.4\mvn_repo\org\javassist\javassist\3.25.0-GA\javassist-3.25.0-GA.jar;D:\java\apache-maven-3.9.4\mvn_repo\io\springfox\springfox-swagger2\2.10.5\springfox-swagger2-2.10.5.jar;D:\java\apache-maven-3.9.4\mvn_repo\io\springfox\springfox-spi\2.10.5\springfox-spi-2.10.5.jar;D:\java\apache-maven-3.9.4\mvn_repo\io\springfox\springfox-core\2.10.5\springfox-core-2.10.5.jar;D:\java\apache-maven-3.9.4\mvn_repo\io\springfox\springfox-schema\2.10.5\springfox-schema-2.10.5.jar;D:\java\apache-maven-3.9.4\mvn_repo\io\springfox\springfox-swagger-common\2.10.5\springfox-swagger-common-2.10.5.jar;D:\java\apache-maven-3.9.4\mvn_repo\io\springfox\springfox-spring-web\2.10.5\springfox-spring-web-2.10.5.jar;D:\java\apache-maven-3.9.4\mvn_repo\io\github\classgraph\classgraph\4.1.7\classgraph-4.1.7.jar;D:\java\apache-maven-3.9.4\mvn_repo\com\fasterxml\classmate\1.5.1\classmate-1.5.1.jar;D:\java\apache-maven-3.9.4\mvn_repo\org\springframework\plugin\spring-plugin-core\2.0.0.RELEASE\spring-plugin-core-2.0.0.RELEASE.jar;D:\java\apache-maven-3.9.4\mvn_repo\org\springframework\plugin\spring-plugin-metadata\2.0.0.RELEASE\spring-plugin-metadata-2.0.0.RELEASE.jar;D:\java\apache-maven-3.9.4\mvn_repo\org\mapstruct\mapstruct\1.3.1.Final\mapstruct-1.3.1.Final.jar;D:\java\apache-maven-3.9.4\mvn_repo\io\swagger\swagger-models\1.6.6\swagger-models-1.6.6.jar;D:\java\apache-maven-3.9.4\mvn_repo\io\swagger\swagger-annotations\1.6.6\swagger-annotations-1.6.6.jar;D:\java\apache-maven-3.9.4\mvn_repo\io\springfox\springfox-bean-validators\2.10.5\springfox-bean-validators-2.10.5.jar;D:\java\apache-maven-3.9.4\mvn_repo\io\springfox\springfox-spring-webmvc\2.10.5\springfox-spring-webmvc-2.10.5.jar;D:\java\apache-maven-3.9.4\mvn_repo\org\springframework\boot\spring-boot-starter-data-redis\2.6.4\spring-boot-starter-data-redis-2.6.4.jar;D:\java\apache-maven-3.9.4\mvn_repo\org\springframework\data\spring-data-redis\2.6.2\spring-data-redis-2.6.2.jar;D:\java\apache-maven-3.9.4\mvn_repo\org\springframework\data\spring-data-keyvalue\2.6.2\spring-data-keyvalue-2.6.2.jar;D:\java\apache-maven-3.9.4\mvn_repo\org\springframework\data\spring-data-commons\2.6.2\spring-data-commons-2.6.2.jar;D:\java\apache-maven-3.9.4\mvn_repo\org\springframework\spring-tx\5.3.16\spring-tx-5.3.16.jar;D:\java\apache-maven-3.9.4\mvn_repo\org\springframework\spring-oxm\5.3.16\spring-oxm-5.3.16.jar;D:\java\apache-maven-3.9.4\mvn_repo\org\springframework\spring-context-support\5.3.16\spring-context-support-5.3.16.jar;D:\java\apache-maven-3.9.4\mvn_repo\io\lettuce\lettuce-core\6.1.6.RELEASE\lettuce-core-6.1.6.RELEASE.jar;D:\java\apache-maven-3.9.4\mvn_repo\org\springframework\session\spring-session-data-redis\2.6.3\spring-session-data-redis-2.6.3.jar;D:\java\apache-maven-3.9.4\mvn_repo\org\springframework\session\spring-session-core\2.6.2\spring-session-core-2.6.2.jar;D:\java\apache-maven-3.9.4\mvn_repo\org\redisson\redisson\3.24.3\redisson-3.24.3.jar;D:\java\apache-maven-3.9.4\mvn_repo\io\netty\netty-common\4.1.74.Final\netty-common-4.1.74.Final.jar;D:\java\apache-maven-3.9.4\mvn_repo\io\netty\netty-codec\4.1.74.Final\netty-codec-4.1.74.Final.jar;D:\java\apache-maven-3.9.4\mvn_repo\io\netty\netty-buffer\4.1.74.Final\netty-buffer-4.1.74.Final.jar;D:\java\apache-maven-3.9.4\mvn_repo\io\netty\netty-transport\4.1.74.Final\netty-transport-4.1.74.Final.jar;D:\java\apache-maven-3.9.4\mvn_repo\io\netty\netty-resolver\4.1.74.Final\netty-resolver-4.1.74.Final.jar;D:\java\apache-maven-3.9.4\mvn_repo\io\netty\netty-resolver-dns\4.1.74.Final\netty-resolver-dns-4.1.74.Final.jar;D:\java\apache-maven-3.9.4\mvn_repo\io\netty\netty-codec-dns\4.1.74.Final\netty-codec-dns-4.1.74.Final.jar;D:\java\apache-maven-3.9.4\mvn_repo\io\netty\netty-handler\4.1.74.Final\netty-handler-4.1.74.Final.jar;D:\java\apache-maven-3.9.4\mvn_repo\io\netty\netty-tcnative-classes\2.0.48.Final\netty-tcnative-classes-2.0.48.Final.jar;D:\java\apache-maven-3.9.4\mvn_repo\javax\cache\cache-api\1.1.1\cache-api-1.1.1.jar;D:\java\apache-maven-3.9.4\mvn_repo\io\projectreactor\reactor-core\3.4.15\reactor-core-3.4.15.jar;D:\java\apache-maven-3.9.4\mvn_repo\org\reactivestreams\reactive-streams\1.0.3\reactive-streams-1.0.3.jar;D:\java\apache-maven-3.9.4\mvn_repo\io\reactivex\rxjava3\rxjava\3.1.6\rxjava-3.1.6.jar;D:\java\apache-maven-3.9.4\mvn_repo\org\jboss\marshalling\jboss-marshalling\2.0.11.Final\jboss-marshalling-2.0.11.Final.jar;D:\java\apache-maven-3.9.4\mvn_repo\org\jboss\marshalling\jboss-marshalling-river\2.0.11.Final\jboss-marshalling-river-2.0.11.Final.jar;D:\java\apache-maven-3.9.4\mvn_repo\com\esotericsoftware\kryo\5.5.0\kryo-5.5.0.jar;D:\java\apache-maven-3.9.4\mvn_repo\com\esotericsoftware\reflectasm\1.11.9\reflectasm-1.11.9.jar;D:\java\apache-maven-3.9.4\mvn_repo\com\esotericsoftware\minlog\1.3.1\minlog-1.3.1.jar;D:\java\apache-maven-3.9.4\mvn_repo\org\slf4j\slf4j-api\1.7.36\slf4j-api-1.7.36.jar;D:\java\apache-maven-3.9.4\mvn_repo\com\fasterxml\jackson\core\jackson-annotations\2.13.1\jackson-annotations-2.13.1.jar;D:\java\apache-maven-3.9.4\mvn_repo\com\fasterxml\jackson\dataformat\jackson-dataformat-yaml\2.13.1\jackson-dataformat-yaml-2.13.1.jar;D:\java\apache-maven-3.9.4\mvn_repo\com\fasterxml\jackson\core\jackson-core\2.13.1\jackson-core-2.13.1.jar;D:\java\apache-maven-3.9.4\mvn_repo\com\fasterxml\jackson\core\jackson-databind\2.13.1\jackson-databind-2.13.1.jar;D:\java\apache-maven-3.9.4\mvn_repo\net\bytebuddy\byte-buddy\1.11.22\byte-buddy-1.11.22.jar;D:\java\apache-maven-3.9.4\mvn_repo\org\jodd\jodd-bean\5.1.6\jodd-bean-5.1.6.jar;D:\java\apache-maven-3.9.4\mvn_repo\org\jodd\jodd-core\5.1.6\jodd-core-5.1.6.jar;"/>
    <property name="java.vm.vendor" value="Oracle Corporation"/>
    <property name="sun.arch.data.model" value="64"/>
    <property name="user.variant" value=""/>
    <property name="java.vendor.url" value="http://java.oracle.com/"/>
    <property name="user.timezone" value="Asia/Shanghai"/>
    <property name="java.vm.specification.version" value="1.8"/>
    <property name="os.name" value="Windows 10"/>
    <property name="user.country" value="CN"/>
    <property name="sun.java.launcher" value="SUN_STANDARD"/>
    <property name="sun.boot.library.path" value="D:\java\jdk8\jre\bin"/>
    <property name="sun.java.command" value="C:\Users\chenmoys\AppData\Local\Temp\surefire491853216941000823\surefirebooter8501919207384687394.jar C:\Users\chenmoys\AppData\Local\Temp\surefire491853216941000823 2024-01-03T16-42-29_522-jvmRun1 surefire6749339130182475879tmp surefire_0501646678451672864tmp"/>
    <property name="surefire.test.class.path" value="D:\java\ideajava\yupao\target\test-classes;D:\java\ideajava\yupao\target\classes;D:\java\apache-maven-3.9.4\mvn_repo\org\springframework\boot\spring-boot-starter-web\2.6.4\spring-boot-starter-web-2.6.4.jar;D:\java\apache-maven-3.9.4\mvn_repo\org\springframework\boot\spring-boot-starter\2.6.4\spring-boot-starter-2.6.4.jar;D:\java\apache-maven-3.9.4\mvn_repo\org\springframework\boot\spring-boot-starter-logging\2.6.4\spring-boot-starter-logging-2.6.4.jar;D:\java\apache-maven-3.9.4\mvn_repo\ch\qos\logback\logback-classic\1.2.10\logback-classic-1.2.10.jar;D:\java\apache-maven-3.9.4\mvn_repo\ch\qos\logback\logback-core\1.2.10\logback-core-1.2.10.jar;D:\java\apache-maven-3.9.4\mvn_repo\org\apache\logging\log4j\log4j-to-slf4j\2.17.1\log4j-to-slf4j-2.17.1.jar;D:\java\apache-maven-3.9.4\mvn_repo\org\apache\logging\log4j\log4j-api\2.17.1\log4j-api-2.17.1.jar;D:\java\apache-maven-3.9.4\mvn_repo\org\slf4j\jul-to-slf4j\1.7.36\jul-to-slf4j-1.7.36.jar;D:\java\apache-maven-3.9.4\mvn_repo\jakarta\annotation\jakarta.annotation-api\1.3.5\jakarta.annotation-api-1.3.5.jar;D:\java\apache-maven-3.9.4\mvn_repo\org\yaml\snakeyaml\1.29\snakeyaml-1.29.jar;D:\java\apache-maven-3.9.4\mvn_repo\org\springframework\boot\spring-boot-starter-json\2.6.4\spring-boot-starter-json-2.6.4.jar;D:\java\apache-maven-3.9.4\mvn_repo\com\fasterxml\jackson\datatype\jackson-datatype-jdk8\2.13.1\jackson-datatype-jdk8-2.13.1.jar;D:\java\apache-maven-3.9.4\mvn_repo\com\fasterxml\jackson\datatype\jackson-datatype-jsr310\2.13.1\jackson-datatype-jsr310-2.13.1.jar;D:\java\apache-maven-3.9.4\mvn_repo\com\fasterxml\jackson\module\jackson-module-parameter-names\2.13.1\jackson-module-parameter-names-2.13.1.jar;D:\java\apache-maven-3.9.4\mvn_repo\org\springframework\boot\spring-boot-starter-tomcat\2.6.4\spring-boot-starter-tomcat-2.6.4.jar;D:\java\apache-maven-3.9.4\mvn_repo\org\apache\tomcat\embed\tomcat-embed-core\9.0.58\tomcat-embed-core-9.0.58.jar;D:\java\apache-maven-3.9.4\mvn_repo\org\apache\tomcat\embed\tomcat-embed-el\9.0.58\tomcat-embed-el-9.0.58.jar;D:\java\apache-maven-3.9.4\mvn_repo\org\apache\tomcat\embed\tomcat-embed-websocket\9.0.58\tomcat-embed-websocket-9.0.58.jar;D:\java\apache-maven-3.9.4\mvn_repo\org\springframework\spring-web\5.3.16\spring-web-5.3.16.jar;D:\java\apache-maven-3.9.4\mvn_repo\org\springframework\spring-beans\5.3.16\spring-beans-5.3.16.jar;D:\java\apache-maven-3.9.4\mvn_repo\org\springframework\spring-webmvc\5.3.16\spring-webmvc-5.3.16.jar;D:\java\apache-maven-3.9.4\mvn_repo\org\springframework\spring-aop\5.3.16\spring-aop-5.3.16.jar;D:\java\apache-maven-3.9.4\mvn_repo\org\springframework\spring-context\5.3.16\spring-context-5.3.16.jar;D:\java\apache-maven-3.9.4\mvn_repo\org\springframework\spring-expression\5.3.16\spring-expression-5.3.16.jar;D:\java\apache-maven-3.9.4\mvn_repo\org\mybatis\spring\boot\mybatis-spring-boot-starter\2.2.2\mybatis-spring-boot-starter-2.2.2.jar;D:\java\apache-maven-3.9.4\mvn_repo\org\springframework\boot\spring-boot-starter-jdbc\2.6.4\spring-boot-starter-jdbc-2.6.4.jar;D:\java\apache-maven-3.9.4\mvn_repo\com\zaxxer\HikariCP\4.0.3\HikariCP-4.0.3.jar;D:\java\apache-maven-3.9.4\mvn_repo\org\springframework\spring-jdbc\5.3.16\spring-jdbc-5.3.16.jar;D:\java\apache-maven-3.9.4\mvn_repo\org\mybatis\spring\boot\mybatis-spring-boot-autoconfigure\2.2.2\mybatis-spring-boot-autoconfigure-2.2.2.jar;D:\java\apache-maven-3.9.4\mvn_repo\org\mybatis\mybatis\3.5.9\mybatis-3.5.9.jar;D:\java\apache-maven-3.9.4\mvn_repo\org\mybatis\mybatis-spring\2.0.7\mybatis-spring-2.0.7.jar;D:\java\apache-maven-3.9.4\mvn_repo\com\baomidou\mybatis-plus-boot-starter\3.5.1\mybatis-plus-boot-starter-3.5.1.jar;D:\java\apache-maven-3.9.4\mvn_repo\com\baomidou\mybatis-plus\3.5.1\mybatis-plus-3.5.1.jar;D:\java\apache-maven-3.9.4\mvn_repo\com\baomidou\mybatis-plus-extension\3.5.1\mybatis-plus-extension-3.5.1.jar;D:\java\apache-maven-3.9.4\mvn_repo\com\baomidou\mybatis-plus-core\3.5.1\mybatis-plus-core-3.5.1.jar;D:\java\apache-maven-3.9.4\mvn_repo\com\baomidou\mybatis-plus-annotation\3.5.1\mybatis-plus-annotation-3.5.1.jar;D:\java\apache-maven-3.9.4\mvn_repo\com\github\jsqlparser\jsqlparser\4.3\jsqlparser-4.3.jar;D:\java\apache-maven-3.9.4\mvn_repo\org\springframework\boot\spring-boot-autoconfigure\2.6.4\spring-boot-autoconfigure-2.6.4.jar;D:\java\apache-maven-3.9.4\mvn_repo\org\apache\commons\commons-lang3\3.12.0\commons-lang3-3.12.0.jar;D:\java\apache-maven-3.9.4\mvn_repo\org\springframework\boot\spring-boot-devtools\2.6.4\spring-boot-devtools-2.6.4.jar;D:\java\apache-maven-3.9.4\mvn_repo\org\springframework\boot\spring-boot\2.6.4\spring-boot-2.6.4.jar;D:\java\apache-maven-3.9.4\mvn_repo\mysql\mysql-connector-java\8.0.28\mysql-connector-java-8.0.28.jar;D:\java\apache-maven-3.9.4\mvn_repo\org\springframework\boot\spring-boot-configuration-processor\2.6.4\spring-boot-configuration-processor-2.6.4.jar;D:\java\apache-maven-3.9.4\mvn_repo\org\projectlombok\lombok\1.18.22\lombok-1.18.22.jar;D:\java\apache-maven-3.9.4\mvn_repo\org\springframework\boot\spring-boot-starter-test\2.6.4\spring-boot-starter-test-2.6.4.jar;D:\java\apache-maven-3.9.4\mvn_repo\org\springframework\boot\spring-boot-test\2.6.4\spring-boot-test-2.6.4.jar;D:\java\apache-maven-3.9.4\mvn_repo\org\springframework\boot\spring-boot-test-autoconfigure\2.6.4\spring-boot-test-autoconfigure-2.6.4.jar;D:\java\apache-maven-3.9.4\mvn_repo\com\jayway\jsonpath\json-path\2.6.0\json-path-2.6.0.jar;D:\java\apache-maven-3.9.4\mvn_repo\net\minidev\json-smart\2.4.8\json-smart-2.4.8.jar;D:\java\apache-maven-3.9.4\mvn_repo\net\minidev\accessors-smart\2.4.8\accessors-smart-2.4.8.jar;D:\java\apache-maven-3.9.4\mvn_repo\org\ow2\asm\asm\9.1\asm-9.1.jar;D:\java\apache-maven-3.9.4\mvn_repo\jakarta\xml\bind\jakarta.xml.bind-api\2.3.3\jakarta.xml.bind-api-2.3.3.jar;D:\java\apache-maven-3.9.4\mvn_repo\jakarta\activation\jakarta.activation-api\1.2.2\jakarta.activation-api-1.2.2.jar;D:\java\apache-maven-3.9.4\mvn_repo\org\assertj\assertj-core\3.21.0\assertj-core-3.21.0.jar;D:\java\apache-maven-3.9.4\mvn_repo\org\hamcrest\hamcrest\2.2\hamcrest-2.2.jar;D:\java\apache-maven-3.9.4\mvn_repo\org\junit\jupiter\junit-jupiter\5.8.2\junit-jupiter-5.8.2.jar;D:\java\apache-maven-3.9.4\mvn_repo\org\junit\jupiter\junit-jupiter-api\5.8.2\junit-jupiter-api-5.8.2.jar;D:\java\apache-maven-3.9.4\mvn_repo\org\opentest4j\opentest4j\1.2.0\opentest4j-1.2.0.jar;D:\java\apache-maven-3.9.4\mvn_repo\org\junit\platform\junit-platform-commons\1.8.2\junit-platform-commons-1.8.2.jar;D:\java\apache-maven-3.9.4\mvn_repo\org\apiguardian\apiguardian-api\1.1.2\apiguardian-api-1.1.2.jar;D:\java\apache-maven-3.9.4\mvn_repo\org\junit\jupiter\junit-jupiter-params\5.8.2\junit-jupiter-params-5.8.2.jar;D:\java\apache-maven-3.9.4\mvn_repo\org\junit\jupiter\junit-jupiter-engine\5.8.2\junit-jupiter-engine-5.8.2.jar;D:\java\apache-maven-3.9.4\mvn_repo\org\junit\platform\junit-platform-engine\1.8.2\junit-platform-engine-1.8.2.jar;D:\java\apache-maven-3.9.4\mvn_repo\org\mockito\mockito-core\4.0.0\mockito-core-4.0.0.jar;D:\java\apache-maven-3.9.4\mvn_repo\net\bytebuddy\byte-buddy-agent\1.11.22\byte-buddy-agent-1.11.22.jar;D:\java\apache-maven-3.9.4\mvn_repo\org\objenesis\objenesis\3.2\objenesis-3.2.jar;D:\java\apache-maven-3.9.4\mvn_repo\org\mockito\mockito-junit-jupiter\4.0.0\mockito-junit-jupiter-4.0.0.jar;D:\java\apache-maven-3.9.4\mvn_repo\org\skyscreamer\jsonassert\1.5.0\jsonassert-1.5.0.jar;D:\java\apache-maven-3.9.4\mvn_repo\com\vaadin\external\google\android-json\0.0.20131108.vaadin1\android-json-0.0.20131108.vaadin1.jar;D:\java\apache-maven-3.9.4\mvn_repo\org\springframework\spring-core\5.3.16\spring-core-5.3.16.jar;D:\java\apache-maven-3.9.4\mvn_repo\org\springframework\spring-jcl\5.3.16\spring-jcl-5.3.16.jar;D:\java\apache-maven-3.9.4\mvn_repo\org\springframework\spring-test\5.3.16\spring-test-5.3.16.jar;D:\java\apache-maven-3.9.4\mvn_repo\org\xmlunit\xmlunit-core\2.8.4\xmlunit-core-2.8.4.jar;D:\java\apache-maven-3.9.4\mvn_repo\junit\junit\4.13.2\junit-4.13.2.jar;D:\java\apache-maven-3.9.4\mvn_repo\org\hamcrest\hamcrest-core\2.2\hamcrest-core-2.2.jar;D:\java\apache-maven-3.9.4\mvn_repo\cn\hutool\hutool-all\5.8.18\hutool-all-5.8.18.jar;D:\java\apache-maven-3.9.4\mvn_repo\com\github\xiaoymin\knife4j-openapi2-spring-boot-starter\4.3.0\knife4j-openapi2-spring-boot-starter-4.3.0.jar;D:\java\apache-maven-3.9.4\mvn_repo\com\github\xiaoymin\knife4j-core\4.3.0\knife4j-core-4.3.0.jar;D:\java\apache-maven-3.9.4\mvn_repo\com\github\xiaoymin\knife4j-openapi2-ui\4.3.0\knife4j-openapi2-ui-4.3.0.jar;D:\java\apache-maven-3.9.4\mvn_repo\org\javassist\javassist\3.25.0-GA\javassist-3.25.0-GA.jar;D:\java\apache-maven-3.9.4\mvn_repo\io\springfox\springfox-swagger2\2.10.5\springfox-swagger2-2.10.5.jar;D:\java\apache-maven-3.9.4\mvn_repo\io\springfox\springfox-spi\2.10.5\springfox-spi-2.10.5.jar;D:\java\apache-maven-3.9.4\mvn_repo\io\springfox\springfox-core\2.10.5\springfox-core-2.10.5.jar;D:\java\apache-maven-3.9.4\mvn_repo\io\springfox\springfox-schema\2.10.5\springfox-schema-2.10.5.jar;D:\java\apache-maven-3.9.4\mvn_repo\io\springfox\springfox-swagger-common\2.10.5\springfox-swagger-common-2.10.5.jar;D:\java\apache-maven-3.9.4\mvn_repo\io\springfox\springfox-spring-web\2.10.5\springfox-spring-web-2.10.5.jar;D:\java\apache-maven-3.9.4\mvn_repo\io\github\classgraph\classgraph\4.1.7\classgraph-4.1.7.jar;D:\java\apache-maven-3.9.4\mvn_repo\com\fasterxml\classmate\1.5.1\classmate-1.5.1.jar;D:\java\apache-maven-3.9.4\mvn_repo\org\springframework\plugin\spring-plugin-core\2.0.0.RELEASE\spring-plugin-core-2.0.0.RELEASE.jar;D:\java\apache-maven-3.9.4\mvn_repo\org\springframework\plugin\spring-plugin-metadata\2.0.0.RELEASE\spring-plugin-metadata-2.0.0.RELEASE.jar;D:\java\apache-maven-3.9.4\mvn_repo\org\mapstruct\mapstruct\1.3.1.Final\mapstruct-1.3.1.Final.jar;D:\java\apache-maven-3.9.4\mvn_repo\io\swagger\swagger-models\1.6.6\swagger-models-1.6.6.jar;D:\java\apache-maven-3.9.4\mvn_repo\io\swagger\swagger-annotations\1.6.6\swagger-annotations-1.6.6.jar;D:\java\apache-maven-3.9.4\mvn_repo\io\springfox\springfox-bean-validators\2.10.5\springfox-bean-validators-2.10.5.jar;D:\java\apache-maven-3.9.4\mvn_repo\io\springfox\springfox-spring-webmvc\2.10.5\springfox-spring-webmvc-2.10.5.jar;D:\java\apache-maven-3.9.4\mvn_repo\org\springframework\boot\spring-boot-starter-data-redis\2.6.4\spring-boot-starter-data-redis-2.6.4.jar;D:\java\apache-maven-3.9.4\mvn_repo\org\springframework\data\spring-data-redis\2.6.2\spring-data-redis-2.6.2.jar;D:\java\apache-maven-3.9.4\mvn_repo\org\springframework\data\spring-data-keyvalue\2.6.2\spring-data-keyvalue-2.6.2.jar;D:\java\apache-maven-3.9.4\mvn_repo\org\springframework\data\spring-data-commons\2.6.2\spring-data-commons-2.6.2.jar;D:\java\apache-maven-3.9.4\mvn_repo\org\springframework\spring-tx\5.3.16\spring-tx-5.3.16.jar;D:\java\apache-maven-3.9.4\mvn_repo\org\springframework\spring-oxm\5.3.16\spring-oxm-5.3.16.jar;D:\java\apache-maven-3.9.4\mvn_repo\org\springframework\spring-context-support\5.3.16\spring-context-support-5.3.16.jar;D:\java\apache-maven-3.9.4\mvn_repo\io\lettuce\lettuce-core\6.1.6.RELEASE\lettuce-core-6.1.6.RELEASE.jar;D:\java\apache-maven-3.9.4\mvn_repo\org\springframework\session\spring-session-data-redis\2.6.3\spring-session-data-redis-2.6.3.jar;D:\java\apache-maven-3.9.4\mvn_repo\org\springframework\session\spring-session-core\2.6.2\spring-session-core-2.6.2.jar;D:\java\apache-maven-3.9.4\mvn_repo\org\redisson\redisson\3.24.3\redisson-3.24.3.jar;D:\java\apache-maven-3.9.4\mvn_repo\io\netty\netty-common\4.1.74.Final\netty-common-4.1.74.Final.jar;D:\java\apache-maven-3.9.4\mvn_repo\io\netty\netty-codec\4.1.74.Final\netty-codec-4.1.74.Final.jar;D:\java\apache-maven-3.9.4\mvn_repo\io\netty\netty-buffer\4.1.74.Final\netty-buffer-4.1.74.Final.jar;D:\java\apache-maven-3.9.4\mvn_repo\io\netty\netty-transport\4.1.74.Final\netty-transport-4.1.74.Final.jar;D:\java\apache-maven-3.9.4\mvn_repo\io\netty\netty-resolver\4.1.74.Final\netty-resolver-4.1.74.Final.jar;D:\java\apache-maven-3.9.4\mvn_repo\io\netty\netty-resolver-dns\4.1.74.Final\netty-resolver-dns-4.1.74.Final.jar;D:\java\apache-maven-3.9.4\mvn_repo\io\netty\netty-codec-dns\4.1.74.Final\netty-codec-dns-4.1.74.Final.jar;D:\java\apache-maven-3.9.4\mvn_repo\io\netty\netty-handler\4.1.74.Final\netty-handler-4.1.74.Final.jar;D:\java\apache-maven-3.9.4\mvn_repo\io\netty\netty-tcnative-classes\2.0.48.Final\netty-tcnative-classes-2.0.48.Final.jar;D:\java\apache-maven-3.9.4\mvn_repo\javax\cache\cache-api\1.1.1\cache-api-1.1.1.jar;D:\java\apache-maven-3.9.4\mvn_repo\io\projectreactor\reactor-core\3.4.15\reactor-core-3.4.15.jar;D:\java\apache-maven-3.9.4\mvn_repo\org\reactivestreams\reactive-streams\1.0.3\reactive-streams-1.0.3.jar;D:\java\apache-maven-3.9.4\mvn_repo\io\reactivex\rxjava3\rxjava\3.1.6\rxjava-3.1.6.jar;D:\java\apache-maven-3.9.4\mvn_repo\org\jboss\marshalling\jboss-marshalling\2.0.11.Final\jboss-marshalling-2.0.11.Final.jar;D:\java\apache-maven-3.9.4\mvn_repo\org\jboss\marshalling\jboss-marshalling-river\2.0.11.Final\jboss-marshalling-river-2.0.11.Final.jar;D:\java\apache-maven-3.9.4\mvn_repo\com\esotericsoftware\kryo\5.5.0\kryo-5.5.0.jar;D:\java\apache-maven-3.9.4\mvn_repo\com\esotericsoftware\reflectasm\1.11.9\reflectasm-1.11.9.jar;D:\java\apache-maven-3.9.4\mvn_repo\com\esotericsoftware\minlog\1.3.1\minlog-1.3.1.jar;D:\java\apache-maven-3.9.4\mvn_repo\org\slf4j\slf4j-api\1.7.36\slf4j-api-1.7.36.jar;D:\java\apache-maven-3.9.4\mvn_repo\com\fasterxml\jackson\core\jackson-annotations\2.13.1\jackson-annotations-2.13.1.jar;D:\java\apache-maven-3.9.4\mvn_repo\com\fasterxml\jackson\dataformat\jackson-dataformat-yaml\2.13.1\jackson-dataformat-yaml-2.13.1.jar;D:\java\apache-maven-3.9.4\mvn_repo\com\fasterxml\jackson\core\jackson-core\2.13.1\jackson-core-2.13.1.jar;D:\java\apache-maven-3.9.4\mvn_repo\com\fasterxml\jackson\core\jackson-databind\2.13.1\jackson-databind-2.13.1.jar;D:\java\apache-maven-3.9.4\mvn_repo\net\bytebuddy\byte-buddy\1.11.22\byte-buddy-1.11.22.jar;D:\java\apache-maven-3.9.4\mvn_repo\org\jodd\jodd-bean\5.1.6\jodd-bean-5.1.6.jar;D:\java\apache-maven-3.9.4\mvn_repo\org\jodd\jodd-core\5.1.6\jodd-core-5.1.6.jar;"/>
    <property name="sun.cpu.endian" value="little"/>
    <property name="user.home" value="C:\Users\chenmoys"/>
    <property name="user.language" value="zh"/>
    <property name="java.specification.vendor" value="Oracle Corporation"/>
    <property name="java.home" value="D:\java\jdk8\jre"/>
    <property name="basedir" value="D:\java\ideajava\yupao"/>
    <property name="file.separator" value="\"/>
    <property name="line.separator" value="&#10;"/>
    <property name="java.vm.specification.vendor" value="Oracle Corporation"/>
    <property name="java.specification.name" value="Java Platform API Specification"/>
    <property name="java.awt.graphicsenv" value="sun.awt.Win32GraphicsEnvironment"/>
    <property name="surefire.real.class.path" value="C:\Users\chenmoys\AppData\Local\Temp\surefire491853216941000823\surefirebooter8501919207384687394.jar"/>
    <property name="sun.boot.class.path" value="D:\java\jdk8\jre\lib\resources.jar;D:\java\jdk8\jre\lib\rt.jar;D:\java\jdk8\jre\lib\sunrsasign.jar;D:\java\jdk8\jre\lib\jsse.jar;D:\java\jdk8\jre\lib\jce.jar;D:\java\jdk8\jre\lib\charsets.jar;D:\java\jdk8\jre\lib\jfr.jar;D:\java\jdk8\jre\classes"/>
    <property name="user.script" value=""/>
    <property name="sun.management.compiler" value="HotSpot 64-Bit Tiered Compilers"/>
    <property name="java.runtime.version" value="1.8.0_202-b08"/>
    <property name="user.name" value="chenmoys"/>
    <property name="path.separator" value=";"/>
    <property name="os.version" value="10.0"/>
    <property name="java.endorsed.dirs" value="D:\java\jdk8\jre\lib\endorsed"/>
    <property name="java.runtime.name" value="Java(TM) SE Runtime Environment"/>
    <property name="file.encoding" value="GBK"/>
    <property name="java.vm.name" value="Java HotSpot(TM) 64-Bit Server VM"/>
    <property name="localRepository" value="D:\java\apache-maven-3.9.4\mvn_repo"/>
    <property name="java.vendor.url.bug" value="http://bugreport.sun.com/bugreport/"/>
    <property name="java.io.tmpdir" value="C:\Users\chenmoys\AppData\Local\Temp\"/>
    <property name="idea.version" value="2023.2.2"/>
    <property name="java.version" value="1.8.0_202"/>
    <property name="user.dir" value="D:\java\ideajava\yupao"/>
    <property name="os.arch" value="amd64"/>
    <property name="java.vm.specification.name" value="Java Virtual Machine Specification"/>
    <property name="java.awt.printerjob" value="sun.awt.windows.WPrinterJob"/>
    <property name="sun.os.patch.level" value=""/>
    <property name="java.library.path" value="D:\java\jdk8\jre\bin;C:\WINDOWS\Sun\Java\bin;C:\WINDOWS\system32;C:\WINDOWS;C:\Program Files (x86)\Common Files\Oracle\Java\javapath;C:\Program Files (x86)\Razer Chroma SDK\bin;C:\Program Files\Razer Chroma SDK\bin;C:\Program Files (x86)\Razer\ChromaBroadcast\bin;C:\Program Files\Razer\ChromaBroadcast\bin;C:\WINDOWS\system32;C:\WINDOWS;C:\WINDOWS\System32\Wbem;C:\WINDOWS\System32\WindowsPowerShell\v1.0\;C:\WINDOWS\System32\OpenSSH\;C:\Program Files (x86)\NVIDIA Corporation\PhysX\Common;C:\Program Files\NVIDIA Corporation\NVIDIA NvDLISR;C:\WINDOWS\system32;C:\WINDOWS;C:\WINDOWS\System32\Wbem;C:\WINDOWS\System32\WindowsPowerShell\v1.0\;C:\WINDOWS\System32\OpenSSH\;C:\WINDOWS\system32\config\systemprofile\AppData\Local\Microsoft\WindowsApps;C:\Users\chenmoys\AppData\Local\Microsoft\WindowsApps;C:\Program Files\dotnet\;C:\Users\chenmoys\AppData\Local\Programs\Python\Python310\Scripts;C:\Program Files\MySQL\MySQL Server 8.0\bin;D:\java\apache-maven-3.9.4\bin;D:\java\mysql\bin;D:\java\Git\cmd;D:\java\node\;D:\java\jdk8\bin;C:\Users\chenmoys\AppData\Local\Microsoft\WindowsApps;D:\java\mysql\mysql-8.1.0-winx64\bin;C:\Users\chenmoys\AppData\Roaming\npm;."/>
    <property name="java.vm.info" value="mixed mode"/>
    <property name="java.vendor" value="Oracle Corporation"/>
    <property name="java.vm.version" value="25.202-b08"/>
    <property name="java.ext.dirs" value="D:\java\jdk8\jre\lib\ext;C:\WINDOWS\Sun\Java\lib\ext"/>
    <property name="sun.io.unicode.encoding" value="UnicodeLittle"/>
    <property name="maven.repo.local" value="D:\java\apache-maven-3.9.4\mvn_repo"/>
    <property name="java.class.version" value="52.0"/>
  </properties>
  <testcase name="testAddUser" classname="com.yupi.yupao.service.UserServiceTest" time="1.472"/>
  <testcase name="userRegister" classname="com.yupi.yupao.service.UserServiceTest" time="0.045">
    <error message="请求参数错误" type="com.yupi.yupao.exception.BusinessException">com.yupi.yupao.exception.BusinessException: 请求参数错误
	at com.yupi.yupao.service.UserServiceTest.userRegister(UserServiceTest.java:102)
</error>
  </testcase>
  <testcase name="searchUserByTagsList" classname="com.yupi.yupao.service.UserServiceTest" time="0.076"/>
  <testcase name="testUpdateUser" classname="com.yupi.yupao.service.UserServiceTest" time="0.023">
    <failure message="expected: &lt;true&gt; but was: &lt;false&gt;" type="org.opentest4j.AssertionFailedError"><![CDATA[org.opentest4j.AssertionFailedError: expected: <true> but was: <false>
	at com.yupi.yupao.service.UserServiceTest.testUpdateUser(UserServiceTest.java:70)
]]></failure>
    <system-out><![CDATA[Creating a new SqlSession
SqlSession [org.apache.ibatis.session.defaults.DefaultSqlSession@34065642] was not registered for synchronization because synchronization is not active
JDBC Connection [HikariProxyConnection@601932288 wrapping com.mysql.cj.jdbc.ConnectionImpl@285b491f] will not be managed by Spring
==>  Preparing: UPDATE user SET username=?, userAccount=?, avatarUrl=?, gender=?, userPassword=?, phone=?, email=? WHERE id=? AND isDelete=0
==> Parameters: dogYupi(String), 123(String), https://636f-codenav-8grj8px727565176-1256524210.tcb.qcloud.la/img/logo.png(String), 0(Integer), xxx(String), 123(String), 456(String), 1(Long)
<==    Updates: 0
Closing non transactional SqlSession [org.apache.ibatis.session.defaults.DefaultSqlSession@34065642]
]]></system-out>
  </testcase>
  <testcase name="testGetUser" classname="com.yupi.yupao.service.UserServiceTest" time="0.004">
    <failure message="expected: not &lt;null&gt;" type="org.opentest4j.AssertionFailedError"><![CDATA[org.opentest4j.AssertionFailedError: expected: not <null>
	at com.yupi.yupao.service.UserServiceTest.testGetUser(UserServiceTest.java:90)
]]></failure>
    <system-out><![CDATA[Creating a new SqlSession
SqlSession [org.apache.ibatis.session.defaults.DefaultSqlSession@4b5f022f] was not registered for synchronization because synchronization is not active
JDBC Connection [HikariProxyConnection@2052494962 wrapping com.mysql.cj.jdbc.ConnectionImpl@285b491f] will not be managed by Spring
==>  Preparing: SELECT id,username,userAccount,avatarUrl,tags,gender,userPassword,phone,email,userStatus,createTime,updateTime,isDelete,userRole,planetCode FROM user WHERE id=? AND isDelete=0
==> Parameters: 1(Long)
<==      Total: 0
Closing non transactional SqlSession [org.apache.ibatis.session.defaults.DefaultSqlSession@4b5f022f]
]]></system-out>
  </testcase>
  <testcase name="testDeleteUser" classname="com.yupi.yupao.service.UserServiceTest" time="0.007">
    <failure message="expected: &lt;true&gt; but was: &lt;false&gt;" type="org.opentest4j.AssertionFailedError"><![CDATA[org.opentest4j.AssertionFailedError: expected: <true> but was: <false>
	at com.yupi.yupao.service.UserServiceTest.testDeleteUser(UserServiceTest.java:79)
]]></failure>
    <system-out><![CDATA[Creating a new SqlSession
SqlSession [org.apache.ibatis.session.defaults.DefaultSqlSession@de40aa1] was not registered for synchronization because synchronization is not active
JDBC Connection [HikariProxyConnection@1639410301 wrapping com.mysql.cj.jdbc.ConnectionImpl@285b491f] will not be managed by Spring
==>  Preparing: UPDATE user SET isDelete=1 WHERE id=? AND isDelete=0
==> Parameters: 1(Long)
<==    Updates: 0
Closing non transactional SqlSession [org.apache.ibatis.session.defaults.DefaultSqlSession@de40aa1]
]]></system-out>
  </testcase>
  <testcase name="testRecommend" classname="com.yupi.yupao.service.UserServiceTest" time="0.018"/>
</testsuite>